### 版本(3.0)更新内容：
    1. 新增开关控制(注册开关, 发文开关, 评论开发)
    2. 后台重写, 替换了所有后台页面功能更完善
    3. 上传图片添加更多支持(本地/又拍云/阿里云/七牛云), 详情见后台系统配置
    4. 升级为spring-boot2
    5. 调整模板静态资源引用,方便扩展
    6. 表名调整, 旧版本升级时请自行在数据库重命名
    7. 重写了config(改为options), 可在applicaiton.yaml设置默认配置, 启动后将以options中配置为准
    8. 支持后台设置主题
    9. 去除了本地文件上传目录配置, 改为自动取项目运行目录(会在jar同级目录生成storeage和indexes目录)
	10. 替换表单验证插件, 评论表情改为颜文字
    11. 我的主页和Ta人主页合并
    12. 优化了图片裁剪功能
    13. 支持Docker, 详情见 https://hub.docker.com/r/langhsu/mblog
    14. 邮件服务后台可配
    15. 新增标签页
    16. 新增注册邮箱验证开关(需要手动删除之前的 mto_security_code 表)

    附表名调整:
    	mto_favors           -> mto_favorite
    	mto_config           -> mto_options
    	mto_channels         -> mto_channel
    	mto_comments         -> mto_comment
    	mto_posts            -> mto_post
    	mto_posts_attribute  -> mto_post_attribute
    	mto_notify           -> mto_message
    	mto_users            -> mto_user
    	mto_users_open_oauth -> mto_user_oauth
    	mto_verify           -> mto_security_code

### 版本(2.8)更新内容：
    1. 项目结构调整
    2. 合并了之前的内嵌数据库分支, 采用通过maven环境变量的方式可切换mysql/h2(懒人福利)
    3. 修改启动监听, 如果发现未初始化脚本, 自动执行初始化, 不再需要之前的导入脚本
    4. 新增记住登录功能
    5. 后台添加github三方登录配置
    6. 简化注册逻辑, 不再填写邮箱及昵称, 优化发送邮件逻辑(改为发送验证码)
    7. 调整hook代码
    8. 新增一套主题: classic
    9. 新主题中添加阅读全文功能

### 版本(2.7)更新内容：
    1. 优化首页显示
    2. 优化个人中心页/详情页/个人主页的用户信息显示
    3. 新增主题配置`site.theme` 可选值default|card
    4. 文章编辑新增预览图
    5. 重写权限模块
    6. 项目结构调整

### 版本(2.6)更新内容：
    1. 去除webapp目录,因为很多人反映启动访问404
    2. 优化注册、找回密码逻辑,发邮件改成异步发送
    3. 发文章支持图片黏贴上传(来自@杭州-锋)
    4. 项目目录调整
    5. 去除mblog-api.jar 合并到base模块中
    6. ueditor改为tinymce
    7. 修改footer样式
    8. 优化文章统计
    9. 优化用户统计
    10.优化文章详情页code显示
    11.fixed角色修改不能保存
    12.fixed评论框按钮变形
    13.fixed后台添加菜单项bug

### 版本(2.5)更新内容：
    1. 前端页面结构、链接地址、接口目录调整
    2. Group修改为Channel, 对应的文章表和链接指向做相应的调整
    3. 全新的前端界面
    4. 修复上个版本留下的若干bug

### 版本(2.4)更新内容：
    1. 框架更新为 spring-boot
    2. 持久层更新为 spring-data-jpa, 去除原有的一些包依赖
    3. 前端页面模板语音更新为 freemarker
    4. 简化系统逻辑, 删除了Tag
    5. 重新定义了Group概念, 即内容分组, 不再有原来复杂的模板定制等, 去除了原有的视频和问答定制, 可以在Group里面自行扩展
    6. 全新的后台界面